<?xml version="1.0" encoding="UTF-8"?>
<testsuite xmlns:xsi="http://www.w3.org/2001/XMLSchema-instance" xsi:noNamespaceSchemaLocation="https://maven.apache.org/surefire/maven-surefire-plugin/xsd/surefire-test-report.xsd" name="usercrud.controller.UserControllerTest" time="0.637" tests="2" errors="0" skipped="0" failures="0">
  <properties>
[...]
</properties>
  <testcase name="getUser" classname="usercrud.controller.UserControllerTest" time="0.502"/>
  <testcase name="saveValidationTest" classname="usercrud.controller.UserControllerTest" time="0.027"/>
</testsuite>